<?xml version="1.0" encoding="UTF-8" standalone="yes" ?>
<test-results name="\\wsl\Ubuntu-20.04\home\hallelujah\exercism_aleluya\delphi\two-fer\twofer.exe" total="3" errors="0" failures="0" ignored="0" inconclusive="0" not-run="0" skipped="0" invalid="0" date="2021-01-04" time="0.001">
  <culture-info current-culture="en" current-uiculture="en" />
  <test-suite type="Assembly" name="twofer.exe" executed="true" result="Success" success="True" time="0.001" asserts="0">
    <results>
        <test-suite type="Namespace" name="utwoferTests" executed="true" result="Success" success="True" time="0.001" asserts="0" >
          <results>
              <test-suite type="Fixture" name="twoferTest" executed="True" result="Success" success="True" time="0.001" >
                <results>
                  <test-case name="No_name_given" executed="True" result="Success" success="True" time="0.000" asserts="0" />
                  <test-case name="A_name_given" executed="True" result="Success" success="True" time="0.000" asserts="0" />
                  <test-case name="Another_name_given" executed="True" result="Success" success="True" time="0.000" asserts="0" />
                </results>
              </test-suite>
          </results>
        </test-suite>
    </results>
  </test-suite>
</test-results>
